<?xml version="1.0" encoding="UTF-8"?>
<!-- Generated by org.testng.reporters.JUnitReportReporter -->
<testsuite skipped="0" hostname="LAPTOP-U21G5LB7" name="amitdtestproject.RESTAPITest" tests="2" failures="0" timestamp="2020-12-16T15:23:14 IST" time="0.002" errors="0">
  <testcase name="deleteFB" time="0.001" classname="amitdtestproject.RESTAPITest"/>
  <system-out/>
  <testcase name="addTwitter" time="0.001" classname="amitdtestproject.RESTAPITest"/>
  <system-out/>
</testsuite> <!-- amitdtestproject.RESTAPITest -->
