<?xml version="1.0" encoding="UTF-8"?>
<!-- Generated by org.testng.reporters.JUnitReportReporter -->
<testsuite skipped="0" hostname="LAPTOP-U21G5LB7" name="amitdtestproject.SeleniumTest" tests="2" failures="0" timestamp="2020-12-16T15:47:53 IST" time="0.003" errors="0">
  <testcase name="elements" time="0.000" classname="amitdtestproject.SeleniumTest"/>
  <system-out/>
  <testcase name="browserAutomation" time="0.003" classname="amitdtestproject.SeleniumTest"/>
  <system-out/>
</testsuite> <!-- amitdtestproject.SeleniumTest -->
