<?xml version="1.0" encoding="UTF-8"?>
<!-- Generated by org.testng.reporters.JUnitReportReporter -->
<testsuite skipped="0" hostname="LAPTOP-U21G5LB7" name="test.LoginToRediff" tests="1" failures="0" timestamp="2020-12-22T21:01:17 IST" time="8.379" errors="0">
  <testcase name="login" time="8.379" classname="test.LoginToRediff"/>
  <system-out/>
</testsuite> <!-- test.LoginToRediff -->
