<?xml version="1.0" encoding="UTF-8"?>
<!-- Generated by org.testng.reporters.JUnitReportReporter -->
<testsuite skipped="0" hostname="LAPTOP-U21G5LB7" name="com.testcases.Test1" tests="3" failures="0" timestamp="2021-01-08T11:00:16 IST" time="0.006" errors="0">
  <testcase name="testCase2" time="0.002" classname="com.testcases.Test1"/>
  <system-out/>
  <testcase name="testCase1" time="0.001" classname="com.testcases.Test1"/>
  <system-out/>
  <testcase name="testCase3" time="0.003" classname="com.testcases.Test1"/>
  <system-out/>
</testsuite> <!-- com.testcases.Test1 -->
