<?xml version="1.0" encoding="UTF-8"?>
<!-- Generated by org.testng.reporters.JUnitReportReporter -->
<testsuite skipped="0" hostname="LAPTOP-U21G5LB7" name="com.testCases.Test1" tests="3" failures="0" timestamp="2021-01-08T09:37:34 IST" time="0.022" errors="0">
  <testcase name="testCase2" time="0.001" classname="com.testCases.Test1"/>
  <system-out/>
  <testcase name="testCase1" time="0.020" classname="com.testCases.Test1"/>
  <system-out/>
  <testcase name="testCase3" time="0.001" classname="com.testCases.Test1"/>
  <system-out/>
</testsuite> <!-- com.testCases.Test1 -->
